     "matches": [
            {
                "name": "Meglio, Don",
                "firstName": "Don",
                "lastName": "Meglio",
                "id": "001647796",
                "emails": [
                    "d.meglio@northeastern.edu"
                ],
                "primaryRole": "Project Manager",
                "primaryDepartment": "Physical Therapy"
            },
            {
                "name": "Rundong Li",
                "firstName": "Rundong",
                "lastName": "Li",
                "url": "http://www.ccis.northeastern.edu/people/rundong-li/",
                "primaryRole": "PhD Student",
                "emails": [
                    "rundong@ccs.neu.edu"
                ],
                "office": "440 Huntington Avenue\n472 West Village H\nBoston, MA  02115",
                "bigPictureUrl": "http://www.ccis.northeastern.edu/wp-content/uploads/2016/03/Rundong-Li-hero-image.jpg"
            }
        ],
                ],
        "firstName": "Don",
        "lastName": "Meglio",
        "peopleListIndexMatches": {
            "1": true,
            "2": true
        }
    },



Overriding  Lin         with Olin
Overriding  Shi         with Shivers


Overriding  Don         with Rundong
Overriding  Meglio      with Li


Visiting Assistant Teaching Professor
Architecture
nic.brown@northeastern.edu
nik@ccs.neu.edu
617-373-5621583 Holmes
NEU Profile
Personal Website


 this person has two different profiles on camd - one on gamedesign and the other on something else

Gillian Smithglobe
Assistant Professor
gillian@ccs.neu.edu
617-373-3550124 Meserve HallNEU Profile
Gillian Smithglobe
Assistant Professor – Game Design
Game Design Program
gi.smith@northeastern.edu
gillian@ccs.neu.edu
617-373-3550100 MeserveNEU Profile
Personal Website